2018-10-25 10:36:54,248 [Worker-0] INFO  o.e.m.c.i.l.LifecycleMappingFactory - Using org.eclipse.m2e.jdt.JarLifecycleMapping lifecycle mapping for MavenProject: com.example.suresh:Crud:0.0.1-SNAPSHOT @ C:\Users\verizon\Desktop\Crud\pom.xml.
2018-10-25 10:36:55,800 [Worker-0] INFO  o.e.m.c.i.e.AbstractTransferListenerAdapter - Downloading https://repo.maven.apache.org/maven2/org/springframework/boot/spring-boot-starter-jdbc/2.0.6.RELEASE/spring-boot-starter-jdbc-2.0.6.RELEASE.pom
2018-10-25 10:36:55,998 [Worker-0] INFO  o.e.m.c.i.e.AbstractTransferListenerAdapter - Downloaded https://repo.maven.apache.org/maven2/org/springframework/boot/spring-boot-starter-jdbc/2.0.6.RELEASE/spring-boot-starter-jdbc-2.0.6.RELEASE.pom
2018-10-25 10:36:56,211 [Worker-0] INFO  o.e.m.c.i.e.AbstractTransferListenerAdapter - Downloading https://repo.maven.apache.org/maven2/org/springframework/spring-jdbc/5.0.10.RELEASE/spring-jdbc-5.0.10.RELEASE.pom
2018-10-25 10:36:56,373 [Worker-0] INFO  o.e.m.c.i.e.AbstractTransferListenerAdapter - Downloaded https://repo.maven.apache.org/maven2/org/springframework/spring-jdbc/5.0.10.RELEASE/spring-jdbc-5.0.10.RELEASE.pom
2018-10-25 10:36:56,675 [Worker-0] INFO  o.e.m.c.i.e.AbstractTransferListenerAdapter - Downloading https://repo.maven.apache.org/maven2/org/springframework/boot/spring-boot-starter-jdbc/2.0.6.RELEASE/spring-boot-starter-jdbc-2.0.6.RELEASE.jar
2018-10-25 10:36:56,834 [Worker-0] INFO  o.e.m.c.i.e.AbstractTransferListenerAdapter - Downloaded https://repo.maven.apache.org/maven2/org/springframework/boot/spring-boot-starter-jdbc/2.0.6.RELEASE/spring-boot-starter-jdbc-2.0.6.RELEASE.jar
2018-10-25 10:36:56,993 [Worker-0] INFO  o.e.m.c.i.e.AbstractTransferListenerAdapter - Downloading https://repo.maven.apache.org/maven2/org/springframework/spring-jdbc/5.0.10.RELEASE/spring-jdbc-5.0.10.RELEASE.jar
2018-10-25 10:36:57,941 [Worker-0] INFO  o.e.m.c.i.e.AbstractTransferListenerAdapter - Downloaded https://repo.maven.apache.org/maven2/org/springframework/spring-jdbc/5.0.10.RELEASE/spring-jdbc-5.0.10.RELEASE.jar
2018-10-25 10:36:59,468 [Worker-0] INFO  o.e.m.j.i.AbstractJavaProjectConfigurator - Adding source folder /Crud/src/main/java
2018-10-25 10:36:59,469 [Worker-0] INFO  o.e.m.j.i.AbstractJavaProjectConfigurator - Adding resource folder /Crud/src/main/resources
2018-10-25 10:36:59,469 [Worker-0] INFO  o.e.m.j.i.AbstractJavaProjectConfigurator - Adding resource folder /Crud/src/main/resources
2018-10-25 10:36:59,470 [Worker-0] INFO  o.e.m.j.i.AbstractJavaProjectConfigurator - Adding source folder /Crud/src/test/java
2018-10-25 10:36:59,761 [Worker-0] INFO  o.e.m.c.i.p.ProjectConfigurationManager - Imported and configured 1 project(s) in 10 sec
2018-10-25 10:37:19,840 [Worker-12] INFO  o.e.m.c.i.embedder.EclipseLogger - Using 'UTF-8' encoding to copy filtered resources.
2018-10-25 10:37:19,861 [Worker-12] INFO  o.e.m.c.i.embedder.EclipseLogger - Copying 1 resource
2018-10-25 10:37:19,872 [Worker-12] INFO  o.e.m.c.i.embedder.EclipseLogger - Copying 0 resource
2018-10-25 10:37:19,877 [Worker-12] INFO  o.e.m.c.i.embedder.EclipseLogger - Using 'UTF-8' encoding to copy filtered resources.
2018-10-25 10:37:19,878 [Worker-12] INFO  o.e.m.c.i.embedder.EclipseLogger - skip non existing resourceDirectory C:\Users\verizon\Desktop\Crud\src\test\resources
2018-10-25 10:37:57,653 [Worker-5] INFO  o.e.m.c.i.p.ProjectConfigurationManager - Update started
2018-10-25 10:37:58,094 [Worker-5] INFO  o.e.m.c.i.l.LifecycleMappingFactory - Using org.eclipse.m2e.jdt.JarLifecycleMapping lifecycle mapping for MavenProject: com.example.suresh:Crud:0.0.1-SNAPSHOT @ C:\Users\verizon\Desktop\Crud\pom.xml.
2018-10-25 10:37:58,429 [Worker-5] INFO  o.e.m.j.i.AbstractJavaProjectConfigurator - Adding source folder /Crud/src/main/java
2018-10-25 10:37:58,429 [Worker-5] INFO  o.e.m.j.i.AbstractJavaProjectConfigurator - Adding resource folder /Crud/src/main/resources
2018-10-25 10:37:58,430 [Worker-5] INFO  o.e.m.j.i.AbstractJavaProjectConfigurator - Adding resource folder /Crud/src/main/resources
2018-10-25 10:37:58,430 [Worker-5] INFO  o.e.m.j.i.AbstractJavaProjectConfigurator - Adding source folder /Crud/src/test/java
2018-10-25 10:37:58,682 [Worker-5] INFO  o.e.m.c.i.p.ProjectConfigurationManager - Update completed: 1 sec
2018-10-25 10:38:01,177 [Worker-6] INFO  o.e.m.c.i.embedder.EclipseLogger - Using 'UTF-8' encoding to copy filtered resources.
2018-10-25 10:38:01,227 [Worker-6] INFO  o.e.m.c.i.embedder.EclipseLogger - Copying 1 resource
2018-10-25 10:38:01,244 [Worker-6] INFO  o.e.m.c.i.embedder.EclipseLogger - Copying 0 resource
2018-10-25 10:38:01,246 [Worker-6] INFO  o.e.m.c.i.embedder.EclipseLogger - Using 'UTF-8' encoding to copy filtered resources.
2018-10-25 10:38:01,246 [Worker-6] INFO  o.e.m.c.i.embedder.EclipseLogger - skip non existing resourceDirectory C:\Users\verizon\Desktop\Crud\src\test\resources
2018-10-25 10:44:59,917 [main] INFO  o.e.m2e.actions.ExecutePomAction - Creating new launch configuration
2018-10-25 10:45:09,406 [Worker-8] INFO  o.e.m.i.launch.MavenLaunchDelegate - C:\Users\verizon\Desktop\Crud
2018-10-25 10:45:09,407 [Worker-8] INFO  o.e.m.i.launch.MavenLaunchDelegate -  mvn -B package
2018-10-25 10:51:19,973 [Worker-8] INFO  o.e.m.c.i.embedder.EclipseLogger - Using 'UTF-8' encoding to copy filtered resources.
2018-10-25 10:51:19,974 [Worker-8] INFO  o.e.m.c.i.embedder.EclipseLogger - Copying 0 resource
2018-10-25 10:51:19,975 [Worker-8] INFO  o.e.m.c.i.embedder.EclipseLogger - Copying 0 resource
2018-10-25 10:51:19,976 [Worker-8] INFO  o.e.m.c.i.embedder.EclipseLogger - Using 'UTF-8' encoding to copy filtered resources.
2018-10-25 10:51:19,977 [Worker-8] INFO  o.e.m.c.i.embedder.EclipseLogger - skip non existing resourceDirectory C:\Users\verizon\Desktop\Crud\src\test\resources
2018-10-25 10:51:41,213 [Worker-8] INFO  o.e.m.c.i.embedder.EclipseLogger - Using 'UTF-8' encoding to copy filtered resources.
2018-10-25 10:51:41,242 [Worker-8] INFO  o.e.m.c.i.embedder.EclipseLogger - Copying 1 resource
2018-10-25 10:51:41,244 [Worker-8] INFO  o.e.m.c.i.embedder.EclipseLogger - Copying 0 resource
2018-10-25 10:51:41,247 [Worker-8] INFO  o.e.m.c.i.embedder.EclipseLogger - Using 'UTF-8' encoding to copy filtered resources.
2018-10-25 10:51:41,247 [Worker-8] INFO  o.e.m.c.i.embedder.EclipseLogger - skip non existing resourceDirectory C:\Users\verizon\Desktop\Crud\src\test\resources
2018-10-25 10:52:08,389 [main] INFO  o.e.m2e.actions.ExecutePomAction - Creating new launch configuration
2018-10-25 10:52:17,328 [Worker-16] INFO  o.e.m.i.launch.MavenLaunchDelegate - C:\Users\verizon\Desktop\Crud
2018-10-25 10:52:17,329 [Worker-16] INFO  o.e.m.i.launch.MavenLaunchDelegate -  mvn -B package
2018-10-25 10:53:50,146 [main] INFO  o.e.m2e.actions.ExecutePomAction - Creating new launch configuration
2018-10-25 10:53:54,361 [Worker-20] INFO  o.e.m.i.launch.MavenLaunchDelegate - C:\Users\verizon\Desktop\Crud
2018-10-25 10:53:54,361 [Worker-20] INFO  o.e.m.i.launch.MavenLaunchDelegate -  mvn -B 
2018-10-25 10:54:14,041 [main] INFO  o.e.m2e.actions.ExecutePomAction - Creating new launch configuration
2018-10-25 10:54:21,064 [Worker-8] INFO  o.e.m.i.launch.MavenLaunchDelegate - C:\Users\verizon\Desktop\Crud
